android/build/intermediates/manifest_merge_blame_file/debug/manifest-merger-blame-debug-report.txt
1<?xml version="1.0" encoding="utf-8"?>
2<manifest xmlns:android="http://schemas.android.com/apk/res/android"
3    package="ru.veezeday.dev"
4    android:versionCode="1"
5    android:versionName="1.0" >
6
7    <uses-sdk
8        android:minSdkVersion="16"
8-->AugmentArena/android/AndroidManifest.xml
9        android:targetSdkVersion="33" />
9-->AugmentArena/android/AndroidManifest.xml
10
11    <uses-feature
11-->AugmentArena/android/AndroidManifest.xml:6:5-78
12        android:glEsVersion="0x00020000"
12-->AugmentArena/android/AndroidManifest.xml:6:19-51
13        android:required="true" />
13-->AugmentArena/android/AndroidManifest.xml:6:52-75
14
15    <application
15-->AugmentArena/android/AndroidManifest.xml:8:5-27:19
16        android:allowBackup="true"
16-->AugmentArena/android/AndroidManifest.xml:9:9-35
17        android:appCategory="game"
17-->AugmentArena/android/AndroidManifest.xml:13:9-35
18        android:debuggable="true"
19        android:fullBackupContent="true"
19-->AugmentArena/android/AndroidManifest.xml:10:9-41
20        android:icon="@drawable/ic_launcher"
20-->AugmentArena/android/AndroidManifest.xml:11:9-45
21        android:isGame="true"
21-->AugmentArena/android/AndroidManifest.xml:12:9-30
22        android:label="@string/app_name" >
22-->AugmentArena/android/AndroidManifest.xml:14:9-41
23        <activity
23-->AugmentArena/android/AndroidManifest.xml:16:9-26:20
24            android:name="ru.veezeday.dev.AndroidLauncher"
24-->AugmentArena/android/AndroidManifest.xml:17:13-59
25            android:configChanges="keyboard|keyboardHidden|navigation|orientation|screenSize|screenLayout"
25-->AugmentArena/android/AndroidManifest.xml:20:13-107
26            android:exported="true"
26-->AugmentArena/android/AndroidManifest.xml:21:13-36
27            android:label="@string/app_name"
27-->AugmentArena/android/AndroidManifest.xml:18:13-45
28            android:screenOrientation="landscape" >
28-->AugmentArena/android/AndroidManifest.xml:19:13-50
29            <intent-filter>
29-->AugmentArena/android/AndroidManifest.xml:22:13-25:29
30                <action android:name="android.intent.action.MAIN" />
30-->AugmentArena/android/AndroidManifest.xml:23:17-69
30-->AugmentArena/android/AndroidManifest.xml:23:25-66
31
32                <category android:name="android.intent.category.LAUNCHER" />
32-->AugmentArena/android/AndroidManifest.xml:24:17-77
32-->AugmentArena/android/AndroidManifest.xml:24:27-74
33            </intent-filter>
34        </activity>
35        <activity
35-->[com.google.android.gms:play-services-base:16.0.1] AndroidManifest.xml:23:9-26:75
36            android:name="com.google.android.gms.common.api.GoogleApiActivity"
36-->[com.google.android.gms:play-services-base:16.0.1] AndroidManifest.xml:24:13-79
37            android:exported="false"
37-->[com.google.android.gms:play-services-base:16.0.1] AndroidManifest.xml:25:13-37
38            android:theme="@android:style/Theme.Translucent.NoTitleBar" />
38-->[com.google.android.gms:play-services-base:16.0.1] AndroidManifest.xml:26:13-72
39
40        <meta-data
40-->[com.google.android.gms:play-services-basement:16.0.1] AndroidManifest.xml:23:9-25:69
41            android:name="com.google.android.gms.version"
41-->[com.google.android.gms:play-services-basement:16.0.1] AndroidManifest.xml:24:13-58
42            android:value="@integer/google_play_services_version" />
42-->[com.google.android.gms:play-services-basement:16.0.1] AndroidManifest.xml:25:13-66
43        <meta-data
43-->[com.android.support:support-v4:26.1.0] AndroidManifest.xml:26:9-28:38
44            android:name="android.support.VERSION"
44-->[com.android.support:support-v4:26.1.0] AndroidManifest.xml:27:13-51
45            android:value="26.1.0" />
45-->[com.android.support:support-v4:26.1.0] AndroidManifest.xml:28:13-35
46        <meta-data
46-->[android.arch.lifecycle:runtime:1.0.0] AndroidManifest.xml:25:9-27:47
47            android:name="android.arch.lifecycle.VERSION"
47-->[android.arch.lifecycle:runtime:1.0.0] AndroidManifest.xml:26:13-58
48            android:value="27.0.0-SNAPSHOT" />
48-->[android.arch.lifecycle:runtime:1.0.0] AndroidManifest.xml:27:13-44
49    </application>
50
51</manifest>